Change Component Designator: Old Designator=BT? New Designator=BT1
Change Component Designator: Old Designator=Con? New Designator=Con1
Change Component Designator: Old Designator=Con? New Designator=Con2
Change Component Designator: Old Designator=Con? New Designator=Con3
Change Component Designator: Old Designator=F? New Designator=F1
Change Component Designator: Old Designator=F? New Designator=F2
Change Component Designator: Old Designator=H? New Designator=H1
Change Component Designator: Old Designator=H? New Designator=H2
Change Component Designator: Old Designator=J? New Designator=J1
Change Component Designator: Old Designator=K? New Designator=K1
Change Component Designator: Old Designator=R? New Designator=R1
Change Component Designator: Old Designator=R? New Designator=R2
Change Component Designator: Old Designator=R? New Designator=R3
Change Component Designator: Old Designator=R? New Designator=R4
Change Component Designator: Old Designator=R? New Designator=R5
Change Component Designator: Old Designator=R? New Designator=R6
Change Component Designator: Old Designator=R? New Designator=R7
Change Component Designator: Old Designator=t? New Designator=t1
Change Component Designator: Old Designator=t? New Designator=t2
Change Component Designator: Old Designator=t? New Designator=t3
Change Component Designator: Old Designator=t? New Designator=t4
Change Component Designator: Old Designator=U? New Designator=U1
Change Component Designator: Old Designator=U? New Designator=U2
