Change Component Designator: OldDesignator=GND1 NewDesignator=GND
Change Component Description : Designator=R1 Old Description=Resistor SMD chip 10 Ohm 0.25W 5% 2010 New Description= RES SMD 20K OHM 1% 3/4W 2010
 CRCW20101K20FKEF 
Change Component Description : Designator=R2 Old Description=Resistor SMD chip 10 Ohm 0.25W 5% 2010 New Description=RES SMD 91K OHM 5% 3/4W 2010 
 CRCW201091K0JNEF 
Change Component Description : Designator=R6 Old Description=Resistor SMD chip 10 Ohm 0.25W 5% 2010 New Description=RES SMD 91K OHM 5% 3/4W 2010 
 CRCW201091K0JNEF 
Change Component Description : Designator=R5 Old Description=RES SMD 91K OHM 5% 3/4W 2010 New Description= RES SMD 20K OHM 1% 3/4W 2010
 CRCW20101K20FKEF 
Change Component Description : Designator=R3 Old Description=Trimmer, 25-Turn, 1K cermet New Description=TRIMMER 10K OHM 0.25W PC PIN TOP 
 64WR10KLF 
Change Component Description : Designator=R7 Old Description=Trimmer, 25-Turn, 1K cermet New Description=TRIMMER 10K OHM 0.25W PC PIN TOP 
 64WR10KLF 
Change component parameters: Designator = "R1"; Footprint = "Vishay_WSL2010_0"; UniqueID = "\RSGRYOHD"
Change component parameters. Clean all parameters for all variants
Change component parameters (AddParameter): Name = "ComponentLink1Description"; Value = "http://www.vishay.com/doc?20035"; VariantName = "[No Variations]"
Change component parameters (AddParameter): Name = "ComponentLink1URL"; Value = "http://www.vishay.com/doc?20035"; VariantName = "[No Variations]"
Change component parameters (AddParameter): Name = "Manufacturer 1"; Value = "Vishay/Dale"; VariantName = "[No Variations]"
Change component parameters (AddParameter): Name = "Manufacturer Part Number 1"; Value = "CRCW120610R0JNEA"; VariantName = "[No Variations]"
Change component parameters (AddParameter): Name = "Package / Case"; Value = "2010"; VariantName = "[No Variations]"
Change component parameters (AddParameter): Name = "Ratings"; Value = "1/4W"; VariantName = "[No Variations]"
Change component parameters (AddParameter): Name = "SCDType"; Value = "undef"; VariantName = "[No Variations]"
Change component parameters (AddParameter): Name = "Supplier 1"; Value = "Digi-Key"; VariantName = "[No Variations]"
Change component parameters (AddParameter): Name = "Supplier Part Number 1"; Value = "541-10ECT-ND"; VariantName = "[No Variations]"
Change component parameters (AddParameter): Name = "Tolerance"; Value = "±5%"; VariantName = "[No Variations]"
Change component parameters (AddParameter): Name = "Value"; Value = "20k"; VariantName = "[No Variations]"
Change component parameters: Designator = "R2"; Footprint = "Vishay_WSL2010_0"; UniqueID = "\BKMBBHFT"
Change component parameters. Clean all parameters for all variants
Change component parameters (AddParameter): Name = "ComponentLink1Description"; Value = "http://www.vishay.com/doc?20035"; VariantName = "[No Variations]"
Change component parameters (AddParameter): Name = "ComponentLink1URL"; Value = "http://www.vishay.com/doc?20035"; VariantName = "[No Variations]"
Change component parameters (AddParameter): Name = "Manufacturer 1"; Value = "Vishay/Dale"; VariantName = "[No Variations]"
Change component parameters (AddParameter): Name = "Manufacturer Part Number 1"; Value = "CRCW120610R0JNEA"; VariantName = "[No Variations]"
Change component parameters (AddParameter): Name = "Package / Case"; Value = "2010"; VariantName = "[No Variations]"
Change component parameters (AddParameter): Name = "Ratings"; Value = "1/4W"; VariantName = "[No Variations]"
Change component parameters (AddParameter): Name = "SCDType"; Value = "undef"; VariantName = "[No Variations]"
Change component parameters (AddParameter): Name = "Supplier 1"; Value = "Digi-Key"; VariantName = "[No Variations]"
Change component parameters (AddParameter): Name = "Supplier Part Number 1"; Value = "541-10ECT-ND"; VariantName = "[No Variations]"
Change component parameters (AddParameter): Name = "Tolerance"; Value = "±5%"; VariantName = "[No Variations]"
Change component parameters (AddParameter): Name = "Value"; Value = "91k"; VariantName = "[No Variations]"
Change component parameters: Designator = "R5"; Footprint = "Vishay_WSL2010_0"; UniqueID = "\GBSTFTBA"
Change component parameters. Clean all parameters for all variants
Change component parameters (AddParameter): Name = "ComponentLink1Description"; Value = "http://www.vishay.com/doc?20035"; VariantName = "[No Variations]"
Change component parameters (AddParameter): Name = "ComponentLink1URL"; Value = "http://www.vishay.com/doc?20035"; VariantName = "[No Variations]"
Change component parameters (AddParameter): Name = "Manufacturer 1"; Value = "Vishay/Dale"; VariantName = "[No Variations]"
Change component parameters (AddParameter): Name = "Manufacturer Part Number 1"; Value = "CRCW120610R0JNEA"; VariantName = "[No Variations]"
Change component parameters (AddParameter): Name = "Package / Case"; Value = "2010"; VariantName = "[No Variations]"
Change component parameters (AddParameter): Name = "Ratings"; Value = "1/4W"; VariantName = "[No Variations]"
Change component parameters (AddParameter): Name = "SCDType"; Value = "undef"; VariantName = "[No Variations]"
Change component parameters (AddParameter): Name = "Supplier 1"; Value = "Digi-Key"; VariantName = "[No Variations]"
Change component parameters (AddParameter): Name = "Supplier Part Number 1"; Value = "541-10ECT-ND"; VariantName = "[No Variations]"
Change component parameters (AddParameter): Name = "Tolerance"; Value = "±5%"; VariantName = "[No Variations]"
Change component parameters (AddParameter): Name = "Value"; Value = "20k"; VariantName = "[No Variations]"
Change component parameters: Designator = "R6"; Footprint = "Vishay_WSL2010_0"; UniqueID = "\RDJFKVUQ"
Change component parameters. Clean all parameters for all variants
Change component parameters (AddParameter): Name = "ComponentLink1Description"; Value = "http://www.vishay.com/doc?20035"; VariantName = "[No Variations]"
Change component parameters (AddParameter): Name = "ComponentLink1URL"; Value = "http://www.vishay.com/doc?20035"; VariantName = "[No Variations]"
Change component parameters (AddParameter): Name = "Manufacturer 1"; Value = "Vishay/Dale"; VariantName = "[No Variations]"
Change component parameters (AddParameter): Name = "Manufacturer Part Number 1"; Value = "CRCW120610R0JNEA"; VariantName = "[No Variations]"
Change component parameters (AddParameter): Name = "Package / Case"; Value = "2010"; VariantName = "[No Variations]"
Change component parameters (AddParameter): Name = "Ratings"; Value = "1/4W"; VariantName = "[No Variations]"
Change component parameters (AddParameter): Name = "SCDType"; Value = "undef"; VariantName = "[No Variations]"
Change component parameters (AddParameter): Name = "Supplier 1"; Value = "Digi-Key"; VariantName = "[No Variations]"
Change component parameters (AddParameter): Name = "Supplier Part Number 1"; Value = "541-10ECT-ND"; VariantName = "[No Variations]"
Change component parameters (AddParameter): Name = "Tolerance"; Value = "±5%"; VariantName = "[No Variations]"
Change component parameters (AddParameter): Name = "Value"; Value = "91k"; VariantName = "[No Variations]"
Change component parameters: Designator = "R7"; Footprint = "TrimPot_THT_2.54mm pitch"; UniqueID = "\RBMMYSYX"
Change component parameters. Clean all parameters for all variants
Change component parameters (AddParameter): Name = "Manufacturer 1"; Value = "Murata Electronics North America"; VariantName = "[No Variations]"
Change component parameters (AddParameter): Name = "Manufacturer Part Number 1"; Value = "PV36Y102C01B00"; VariantName = "[No Variations]"
Change component parameters (AddParameter): Name = "Ratings"; Value = "25 turn variable cermet"; VariantName = "[No Variations]"
Change component parameters (AddParameter): Name = "SCDType"; Value = "spec"; VariantName = "[No Variations]"
Change component parameters (AddParameter): Name = "Supplier 1"; Value = "Digi-Key"; VariantName = "[No Variations]"
Change component parameters (AddParameter): Name = "Supplier Part Number 1"; Value = "490-2912-ND"; VariantName = "[No Variations]"
Change component parameters (AddParameter): Name = "Tolerance"; Value = "10%"; VariantName = "[No Variations]"
Change component parameters (AddParameter): Name = "Value"; Value = "10K"; VariantName = "[No Variations]"
