Change Component Designator: Old Designator=BT1 New Designator=BT?
Change Component Designator: Old Designator=Con1 New Designator=Con?
Change Component Designator: Old Designator=Con2 New Designator=Con?
Change Component Designator: Old Designator=Con3 New Designator=Con?
Change Component Designator: Old Designator=F1 New Designator=F?
Change Component Designator: Old Designator=F2 New Designator=F?
Change Component Designator: Old Designator=H1 New Designator=H?
Change Component Designator: Old Designator=H2 New Designator=H?
Change Component Designator: Old Designator=J1 New Designator=J?
Change Component Designator: Old Designator=R1 New Designator=R?
Change Component Designator: Old Designator=R2 New Designator=R?
Change Component Designator: Old Designator=R3 New Designator=R?
Change Component Designator: Old Designator=R4 New Designator=R?
Change Component Designator: Old Designator=R5 New Designator=R?
Change Component Designator: Old Designator=R6 New Designator=R?
Change Component Designator: Old Designator=t1 New Designator=t?
Change Component Designator: Old Designator=t2 New Designator=t?
Change Component Designator: Old Designator=t3 New Designator=t?
Change Component Designator: Old Designator=t4 New Designator=t?
Change Component Designator: Old Designator=U1 New Designator=U?
Change Component Designator: Old Designator=U2 New Designator=U?
